<?xml version="1.0" encoding="UTF-8"?>
<!-- Generated by org.testng.reporters.JUnitXMLReporter -->
<testsuite ignored="3" hostname="LAPTOP-LHUR9BQO" failures="0" tests="1" name="Default test" time="21.548" errors="0" timestamp="2021-03-03T11:35:28 AEDT">
  <testcase classname="com.crm.qa.testcases.ContactsPageTest" name="validateCreateNewContactsLink" time="1.75"/>
  <testcase classname="com.crm.qa.testcases.ContactsPageTest" name="selectMultipleContactsTest" time="0.0">
    <ignored/>
  </testcase> <!-- selectMultipleContactsTest -->
  <testcase classname="com.crm.qa.testcases.ContactsPageTest" name="verifyContactsLabelPage" time="0.0">
    <ignored/>
  </testcase> <!-- verifyContactsLabelPage -->
  <testcase classname="com.crm.qa.testcases.ContactsPageTest" name="selectContactsTest" time="0.0">
    <ignored/>
  </testcase> <!-- selectContactsTest -->
</testsuite> <!-- Default test -->
