<?xml version="1.0" encoding="UTF-8"?>
<testng-results ignored="3" total="4" passed="1" failed="0" skipped="0">
  <reporter-output>
  </reporter-output>
  <suite started-at="2021-03-03T11:35:07 AEDT" name="Default suite" finished-at="2021-03-03T11:35:28 AEDT" duration-ms="21548">
    <groups>
    </groups>
    <test started-at="2021-03-03T11:35:07 AEDT" name="Default test" finished-at="2021-03-03T11:35:28 AEDT" duration-ms="21548">
      <class name="com.crm.qa.testcases.ContactsPageTest">
        <test-method is-config="true" signature="SetUp()[pri:0, instance:com.crm.qa.testcases.ContactsPageTest@ea6147e]" started-at="2021-03-03T11:35:07 AEDT" name="SetUp" finished-at="2021-03-03T11:35:26 AEDT" duration-ms="19078" status="PASS">
          <reporter-output>
          </reporter-output>
        </test-method> <!-- SetUp -->
        <test-method signature="validateCreateNewContactsLink(java.lang.String, java.lang.String, java.lang.String)[pri:4, instance:com.crm.qa.testcases.ContactsPageTest@ea6147e]" started-at="2021-03-03T11:35:26 AEDT" name="validateCreateNewContactsLink" data-provider="getCRMTestData" finished-at="2021-03-03T11:35:28 AEDT" duration-ms="1750" status="PASS">
          <params>
            <param index="0">
              <value>
                <![CDATA[sachit]]>
              </value>
            </param>
            <param index="1">
              <value>
                <![CDATA[karki]]>
              </value>
            </param>
            <param index="2">
              <value>
                <![CDATA[Lead]]>
              </value>
            </param>
          </params>
          <reporter-output>
          </reporter-output>
        </test-method> <!-- validateCreateNewContactsLink -->
      </class> <!-- com.crm.qa.testcases.ContactsPageTest -->
    </test> <!-- Default test -->
  </suite> <!-- Default suite -->
</testng-results>
